<?xml version="1.0" encoding="UTF-8"?>
<!-- Generated by org.testng.reporters.JUnitXMLReporter -->
<testsuite hostname="ATMECSINDT-080" ignored="0" name="Test" tests="5" failures="0" timestamp="13 Nov 2019 13:01:52 GMT" time="28.029" errors="0">
  <testcase name="setup" time="4.216" classname="com.org.task2.task2.testbase.InvokeBrowser"/>
  <testcase name="login" time="14.239" classname="com.org.task2.task2.testscripts.HomePage"/>
  <testcase name="merchandiseOrderPage" time="6.096" classname="com.org.task2.task2.testscripts.MerchandisePage"/>
  <testcase name="clickCartAndViewDetails" time="1.476" classname="com.org.task2.task2.testscripts.BuyProduct"/>
  <testcase name="clickProduct" time="1.416" classname="com.org.task2.task2.testscripts.BuyProduct"/>
</testsuite> <!-- Test -->
