<?xml version="1.0" encoding="UTF-8"?>
<testng-results skipped="0" failed="0" ignored="0" total="4" passed="4">
  <reporter-output>
  </reporter-output>
  <suite name="Default suite" duration-ms="26066" started-at="2019-11-14T13:03:36Z" finished-at="2019-11-14T13:04:02Z">
    <groups>
    </groups>
    <test name="Default test" duration-ms="26066" started-at="2019-11-14T13:03:36Z" finished-at="2019-11-14T13:04:02Z">
      <class name="com.org.task2.testscripts.BuyProduct">
        <test-method status="PASS" signature="setup()[pri:0, instance:com.org.task2.testscripts.BuyProduct@370736d9]" name="setup" is-config="true" duration-ms="12649" started-at="2019-11-14T13:03:36Z" finished-at="2019-11-14T13:03:49Z">
          <reporter-output>
          </reporter-output>
        </test-method> <!-- setup -->
        <test-method status="PASS" signature="login()[pri:0, instance:com.org.task2.testscripts.BuyProduct@370736d9]" name="login" duration-ms="9068" started-at="2019-11-14T13:03:49Z" finished-at="2019-11-14T13:03:58Z">
          <reporter-output>
          </reporter-output>
        </test-method> <!-- login -->
        <test-method status="PASS" signature="merchandiseOrderPage()[pri:3, instance:com.org.task2.testscripts.BuyProduct@370736d9]" name="merchandiseOrderPage" duration-ms="3472" started-at="2019-11-14T13:03:58Z" finished-at="2019-11-14T13:04:01Z">
          <reporter-output>
          </reporter-output>
        </test-method> <!-- merchandiseOrderPage -->
        <test-method status="PASS" signature="clickCartAndViewDetails()[pri:4, instance:com.org.task2.testscripts.BuyProduct@370736d9]" name="clickCartAndViewDetails" duration-ms="514" started-at="2019-11-14T13:04:01Z" finished-at="2019-11-14T13:04:02Z">
          <reporter-output>
          </reporter-output>
        </test-method> <!-- clickCartAndViewDetails -->
        <test-method status="PASS" signature="clickProduct()[pri:5, instance:com.org.task2.testscripts.BuyProduct@370736d9]" name="clickProduct" duration-ms="333" started-at="2019-11-14T13:04:02Z" finished-at="2019-11-14T13:04:02Z">
          <reporter-output>
          </reporter-output>
        </test-method> <!-- clickProduct -->
      </class> <!-- com.org.task2.testscripts.BuyProduct -->
    </test> <!-- Default test -->
  </suite> <!-- Default suite -->
</testng-results>
