<?xml version="1.0" encoding="UTF-8"?>
<!-- Generated by org.testng.reporters.JUnitXMLReporter -->
<testsuite hostname="ATMECSINDT-080" ignored="0" name="Default test" tests="4" failures="0" timestamp="14 Nov 2019 13:04:02 GMT" time="26.066" errors="0">
  <testcase name="login" time="9.068" classname="com.org.task2.testscripts.HomePage"/>
  <testcase name="merchandiseOrderPage" time="3.472" classname="com.org.task2.testscripts.MerchandisePage"/>
  <testcase name="clickCartAndViewDetails" time="0.514" classname="com.org.task2.testscripts.BuyProduct"/>
  <testcase name="clickProduct" time="0.333" classname="com.org.task2.testscripts.BuyProduct"/>
</testsuite> <!-- Default test -->
