<?xml version="1.0" encoding="UTF-8"?>
<!-- Generated by org.testng.reporters.JUnitXMLReporter -->
<testsuite hostname="ATMECSINDT-080" ignored="0" name="Test" tests="5" failures="0" timestamp="12 Nov 2019 13:05:58 GMT" time="49.576" errors="0">
  <testcase name="setup" time="8.84" classname="com.org.task2.task2.testbase.InvokeBrowser"/>
  <testcase name="login" time="28.344" classname="com.org.task2.task2.testscripts.HomePage"/>
  <testcase name="merchandiseOrderPage" time="9.006" classname="com.org.task2.task2.testscripts.MerchandisePage"/>
  <testcase name="clickCartAndViewDetails" time="1.918" classname="com.org.task2.task2.testscripts.BuyProduct"/>
  <testcase name="clickProduct" time="1.435" classname="com.org.task2.task2.testscripts.BuyProduct"/>
</testsuite> <!-- Test -->
